Command line:
   AutoRepeat_isim_beh.exe
     -simmode  gui
     -simrunnum  0
     -socket  5491

Tue May 07 11:42:01 2013


 Elaboration Time: 0.0468 sec

 Current Memory Usage: 515.006 Meg

 Total Signals          : 5
 Total Nets             : 5
 Total Signal Drivers   : 2
 Total Blocks           : 3
 Total Primitive Blocks : 3
 Total Processes        : 2
 Total Traceable Variables  : 13
 Total Scalar Nets and Variables : 488
Total Line Count : 9

 Total Simulation Time: 0.0468 sec

 Current Memory Usage: 515.006 Meg

Tue May 07 11:42:14 2013

