ISim log file
Running: U:\VHDL\RGB\Projekt\Top_schematic_Top_schematic_sch_tb_isim_beh.exe -intstyle ise -gui -tclbatch isim.cmd -wdb U:/VHDL/RGB/Projekt/Top_schematic_Top_schematic_sch_tb_isim_beh.wdb 
ISim P.28xd (signature 0xa0883be4)
----------------------------------------------------------------------
INFO:Security:50 - The XILINXD_LICENSE_FILE environment variable is set to '2100@lizsrvrekt'.
INFO:Security:52 - The LM_LICENSE_FILE environment variable is set to '2100@lizsrvrekt'.
WARNING:Security:43 - No license file was found in the standard Xilinx license directory.
WARNING:Security:44 - Since no license file was found,
       please run the Xilinx License Configuration Manager
       (xlcm or "Manage Xilinx Licenses")
       to assist in obtaining a license.
WARNING:Security:42 - Your software subscription period has lapsed. Your current version of Xilinx tools will continue to function, but you no longer qualify for Xilinx software updates or new releases.


----------------------------------------------------------------------
This is a Full version of ISim.
Time resolution is 1 ps
# onerror resume
# wave add /
# run 1000 ns
Simulator is doing circuit initialization process.
Finished circuit initialization process.
# restart
# run 20ms
Simulator is doing circuit initialization process.
Finished circuit initialization process.
