Command line:
   Top_schematic_Top_schematic_sch_tb_isim_beh.exe
     -simmode  gui
     -simrunnum  0
     -socket  1210

Tue Apr 23 01:19:29 2013


 Elaboration Time: 0.0312 sec

 Current Memory Usage: 515.011 Meg

 Total Signals          : 118
 Total Nets             : 152
 Total Signal Drivers   : 32
 Total Blocks           : 13
 Total Primitive Blocks : 11
 Total Processes        : 16
 Total Traceable Variables  : 14
 Total Scalar Nets and Variables : 636
Total Line Count : 111
Total Line Count : 111
Total Line Count : 111
Total Line Count : 111

 Total Simulation Time: 8.08085 sec

 Current Memory Usage: 515.011 Meg

Tue Apr 23 01:21:06 2013

